Compiling the C compiler identification source file "CMakeCCompilerId.c" failed.
Compiler: /mnt/c/msys64/mingw64/bin/gcc.exe 
Build flags: 
Id flags:  

The output was:
1
C:/msys64/mingw64/bin/../lib/gcc/x86_64-w64-mingw32/12.2.0/../../../../x86_64-w64-mingw32/bin/ld.exe: cannot open output file a.exe: Invalid argument
collect2.exe: error: ld returned 1 exit status


Compiling the C compiler identification source file "CMakeCCompilerId.c" failed.
Compiler: /mnt/c/msys64/mingw64/bin/gcc.exe 
Build flags: 
Id flags: -c 

The output was:
1
Assembler messages:
Fatal error: can't create CMakeCCompilerId.o: Invalid argument


Compiling the C compiler identification source file "CMakeCCompilerId.c" failed.
Compiler: /mnt/c/msys64/mingw64/bin/gcc.exe 
Build flags: 
Id flags: -Aa 

The output was:
1
<command-line>: error: missing '(' after predicate


Compiling the C compiler identification source file "CMakeCCompilerId.c" failed.
Compiler: /mnt/c/msys64/mingw64/bin/gcc.exe 
Build flags: 
Id flags: -D__CLASSIC_C__ 

The output was:
1
C:/msys64/mingw64/bin/../lib/gcc/x86_64-w64-mingw32/12.2.0/../../../../x86_64-w64-mingw32/bin/ld.exe: cannot open output file a.exe: Invalid argument
collect2.exe: error: ld returned 1 exit status


Compiling the C compiler identification source file "CMakeCCompilerId.c" failed.
Compiler: /mnt/c/msys64/mingw64/bin/gcc.exe 
Build flags: 
Id flags:  

The output was:
1
C:/msys64/mingw64/bin/../lib/gcc/x86_64-w64-mingw32/12.2.0/../../../../x86_64-w64-mingw32/bin/ld.exe: cannot open output file a.exe: Invalid argument
collect2.exe: error: ld returned 1 exit status


Compiling the C compiler identification source file "CMakeCCompilerId.c" failed.
Compiler: /mnt/c/msys64/mingw64/bin/gcc.exe 
Build flags: 
Id flags: -c 

The output was:
1
Assembler messages:
Fatal error: can't create CMakeCCompilerId.o: Invalid argument


Compiling the C compiler identification source file "CMakeCCompilerId.c" failed.
Compiler: /mnt/c/msys64/mingw64/bin/gcc.exe 
Build flags: 
Id flags: -Aa 

The output was:
1
<command-line>: error: missing '(' after predicate


Compiling the C compiler identification source file "CMakeCCompilerId.c" failed.
Compiler: /mnt/c/msys64/mingw64/bin/gcc.exe 
Build flags: 
Id flags: -D__CLASSIC_C__ 

The output was:
1
C:/msys64/mingw64/bin/../lib/gcc/x86_64-w64-mingw32/12.2.0/../../../../x86_64-w64-mingw32/bin/ld.exe: cannot open output file a.exe: Invalid argument
collect2.exe: error: ld returned 1 exit status


Checking whether the C compiler is IAR using "" did not match "IAR .+ Compiler":
gcc.exe: fatal error: no input files
compilation terminated.
Checking whether the C compiler is IAR using "" did not match "IAR .+ Compiler":
gcc.exe: fatal error: no input files
compilation terminated.
Compiling the CXX compiler identification source file "CMakeCXXCompilerId.cpp" failed.
Compiler: /mnt/c/msys64/mingw64/bin/g++.exe 
Build flags: 
Id flags:  

The output was:
1
C:/msys64/mingw64/bin/../lib/gcc/x86_64-w64-mingw32/12.2.0/../../../../x86_64-w64-mingw32/bin/ld.exe: cannot open output file a.exe: Invalid argument
collect2.exe: error: ld returned 1 exit status


Compiling the CXX compiler identification source file "CMakeCXXCompilerId.cpp" failed.
Compiler: /mnt/c/msys64/mingw64/bin/g++.exe 
Build flags: 
Id flags: -c 

The output was:
1
Assembler messages:
Fatal error: can't create CMakeCXXCompilerId.o: Invalid argument


Compiling the CXX compiler identification source file "CMakeCXXCompilerId.cpp" failed.
Compiler: /mnt/c/msys64/mingw64/bin/g++.exe 
Build flags: 
Id flags: --c++ 

The output was:
1
g++.exe: error: unrecognized command-line option '--c++'


Compiling the CXX compiler identification source file "CMakeCXXCompilerId.cpp" failed.
Compiler: /mnt/c/msys64/mingw64/bin/g++.exe 
Build flags: 
Id flags: --ec++ 

The output was:
1
g++.exe: error: unrecognized command-line option '--ec++'; did you mean '-Weffc++'?


Compiling the CXX compiler identification source file "CMakeCXXCompilerId.cpp" failed.
Compiler: /mnt/c/msys64/mingw64/bin/g++.exe 
Build flags: 
Id flags:  

The output was:
1
C:/msys64/mingw64/bin/../lib/gcc/x86_64-w64-mingw32/12.2.0/../../../../x86_64-w64-mingw32/bin/ld.exe: cannot open output file a.exe: Invalid argument
collect2.exe: error: ld returned 1 exit status


Compiling the CXX compiler identification source file "CMakeCXXCompilerId.cpp" failed.
Compiler: /mnt/c/msys64/mingw64/bin/g++.exe 
Build flags: 
Id flags: -c 

The output was:
1
Assembler messages:
Fatal error: can't create CMakeCXXCompilerId.o: Invalid argument


Compiling the CXX compiler identification source file "CMakeCXXCompilerId.cpp" failed.
Compiler: /mnt/c/msys64/mingw64/bin/g++.exe 
Build flags: 
Id flags: --c++ 

The output was:
1
g++.exe: error: unrecognized command-line option '--c++'


Compiling the CXX compiler identification source file "CMakeCXXCompilerId.cpp" failed.
Compiler: /mnt/c/msys64/mingw64/bin/g++.exe 
Build flags: 
Id flags: --ec++ 

The output was:
1
g++.exe: error: unrecognized command-line option '--ec++'; did you mean '-Weffc++'?


Checking whether the CXX compiler is IAR using "" did not match "IAR .+ Compiler":
g++.exe: fatal error: no input files
compilation terminated.
Checking whether the CXX compiler is IAR using "" did not match "IAR .+ Compiler":
g++.exe: fatal error: no input files
compilation terminated.
Determining if the C compiler works failed with the following output:
Change Dir: /home/dansim/ORB_SLAM2_Bilateral_LoFTR/build/CMakeFiles/CMakeTmp

Run Build Command:"/usr/bin/make" "cmTC_d2071/fast"
/usr/bin/make -f CMakeFiles/cmTC_d2071.dir/build.make CMakeFiles/cmTC_d2071.dir/build
make[1]: Entering directory '/home/dansim/ORB_SLAM2_Bilateral_LoFTR/build/CMakeFiles/CMakeTmp'
Building C object CMakeFiles/cmTC_d2071.dir/testCCompiler.c.o
/mnt/c/msys64/mingw64/bin/gcc.exe    -o CMakeFiles/cmTC_d2071.dir/testCCompiler.c.o   -c /home/dansim/ORB_SLAM2_Bilateral_LoFTR/build/CMakeFiles/CMakeTmp/testCCompiler.c
Assembler messages:
Fatal error: can't create CMakeFiles/cmTC_d2071.dir/testCCompiler.c.o: Invalid argument
CMakeFiles/cmTC_d2071.dir/build.make:65: recipe for target 'CMakeFiles/cmTC_d2071.dir/testCCompiler.c.o' failed
make[1]: *** [CMakeFiles/cmTC_d2071.dir/testCCompiler.c.o] Error 1
make[1]: Leaving directory '/home/dansim/ORB_SLAM2_Bilateral_LoFTR/build/CMakeFiles/CMakeTmp'
Makefile:126: recipe for target 'cmTC_d2071/fast' failed
make: *** [cmTC_d2071/fast] Error 2


